1745112030308	geckodriver	INFO	Listening on 127.0.0.1:55090
1745112127939	geckodriver	INFO	Listening on 127.0.0.1:55127
1745112144926	geckodriver	INFO	Listening on 127.0.0.1:55146
1745112147989	mozrunner::runner	INFO	Running command: "C:\\Program Files\\Mozilla Firefox\\firefox.exe" "--marionette" "-no-remote" "-profile" "C:\\Users\\himan\\AppData\\Local\\Temp\\rust_mozprofileFbzwkE"
console.warn: services.settings: Ignoring preference override of remote settings server
console.warn: services.settings: Allow by setting MOZ_REMOTE_SETTINGS_DEVTOOLS=1 in the environment
1745112149423	Marionette	INFO	Marionette enabled
Dynamically enable window occlusion 0
1745112149584	Marionette	INFO	Listening on port 55158
Read port: 55158
1745112149738	RemoteAgent	WARN	TLS certificate errors will be ignored for this session
console.error: WebExtensions: 
  Message: [Exception... "Component returned failure code: 0x80004005 (NS_ERROR_FAILURE) [nsIPropertyBag.getProperty]"  nsresult: "0x80004005 (NS_ERROR_FAILURE)"  location: "JS frame :: jar:file:///C:/Program%20Files/Mozilla%20Firefox/browser/omni.ja!/chrome/browser/builtin-addons/search-detection/api.js :: stopListener :: line 193"  data: no]
  Stack:
    stopListener@jar:file:///C:/Program%20Files/Mozilla%20Firefox/browser/omni.ja!/chrome/browser/builtin-addons/search-detection/api.js:193:32

console.error: WebExtensions: 
  Message: [Exception... "Component returned failure code: 0x80004005 (NS_ERROR_FAILURE) [nsIPropertyBag.getProperty]"  nsresult: "0x80004005 (NS_ERROR_FAILURE)"  location: "JS frame :: jar:file:///C:/Program%20Files/Mozilla%20Firefox/browser/omni.ja!/chrome/browser/builtin-addons/search-detection/api.js :: stopListener :: line 193"  data: no]
  Stack:
    stopListener@jar:file:///C:/Program%20Files/Mozilla%20Firefox/browser/omni.ja!/chrome/browser/builtin-addons/search-detection/api.js:193:32

console.error: WebExtensions: 
  Message: [Exception... "Component returned failure code: 0x80004005 (NS_ERROR_FAILURE) [nsIPropertyBag.getProperty]"  nsresult: "0x80004005 (NS_ERROR_FAILURE)"  location: "JS frame :: jar:file:///C:/Program%20Files/Mozilla%20Firefox/browser/omni.ja!/chrome/browser/builtin-addons/search-detection/api.js :: stopListener :: line 193"  data: no]
  Stack:
    stopListener@jar:file:///C:/Program%20Files/Mozilla%20Firefox/browser/omni.ja!/chrome/browser/builtin-addons/search-detection/api.js:193:32

1745112167496	Marionette	INFO	Stopped listening on port 55158
Dynamically enable window occlusion 1
JavaScript error: chrome://remote/content/marionette/cert.sys.mjs, line 47: NS_ERROR_NOT_AVAILABLE: Component returned failure code: 0x80040111 (NS_ERROR_NOT_AVAILABLE) [nsICertOverrideService.setDisableAllSecurityChecksAndLetAttackersInterceptMyData]
1745112295120	geckodriver	INFO	Listening on 127.0.0.1:55297
1745112298178	mozrunner::runner	INFO	Running command: "C:\\Program Files\\Mozilla Firefox\\firefox.exe" "--marionette" "-headless" "-no-remote" "-profile" "C:\\Users\\himan\\AppData\\Local\\Temp\\rust_mozprofilejx9mIA"
*** You are running in headless mode.
console.warn: services.settings: Ignoring preference override of remote settings server
console.warn: services.settings: Allow by setting MOZ_REMOTE_SETTINGS_DEVTOOLS=1 in the environment
1745112299616	Marionette	INFO	Marionette enabled
Dynamically enable window occlusion 0
1745112299756	Marionette	INFO	Listening on port 55308
Read port: 55308
1745112299891	RemoteAgent	WARN	TLS certificate errors will be ignored for this session
[GFX1-]: RenderCompositorSWGL failed mapping default framebuffer, no dt
console.error: ({})
console.error: WebExtensions: 
  Message: [Exception... "Component returned failure code: 0x80004005 (NS_ERROR_FAILURE) [nsIPropertyBag.getProperty]"  nsresult: "0x80004005 (NS_ERROR_FAILURE)"  location: "JS frame :: jar:file:///C:/Program%20Files/Mozilla%20Firefox/browser/omni.ja!/chrome/browser/builtin-addons/search-detection/api.js :: stopListener :: line 193"  data: no]
  Stack:
    stopListener@jar:file:///C:/Program%20Files/Mozilla%20Firefox/browser/omni.ja!/chrome/browser/builtin-addons/search-detection/api.js:193:32

console.error: WebExtensions: 
  Message: [Exception... "Component returned failure code: 0x80004005 (NS_ERROR_FAILURE) [nsIPropertyBag.getProperty]"  nsresult: "0x80004005 (NS_ERROR_FAILURE)"  location: "JS frame :: jar:file:///C:/Program%20Files/Mozilla%20Firefox/browser/omni.ja!/chrome/browser/builtin-addons/search-detection/api.js :: stopListener :: line 193"  data: no]
  Stack:
    stopListener@jar:file:///C:/Program%20Files/Mozilla%20Firefox/browser/omni.ja!/chrome/browser/builtin-addons/search-detection/api.js:193:32

console.error: WebExtensions: 
  Message: [Exception... "Component returned failure code: 0x80004005 (NS_ERROR_FAILURE) [nsIPropertyBag.getProperty]"  nsresult: "0x80004005 (NS_ERROR_FAILURE)"  location: "JS frame :: jar:file:///C:/Program%20Files/Mozilla%20Firefox/browser/omni.ja!/chrome/browser/builtin-addons/search-detection/api.js :: stopListener :: line 193"  data: no]
  Stack:
    stopListener@jar:file:///C:/Program%20Files/Mozilla%20Firefox/browser/omni.ja!/chrome/browser/builtin-addons/search-detection/api.js:193:32

console.error: WebExtensions: 
  Message: [Exception... "Component returned failure code: 0x80004005 (NS_ERROR_FAILURE) [nsIPropertyBag.getProperty]"  nsresult: "0x80004005 (NS_ERROR_FAILURE)"  location: "JS frame :: jar:file:///C:/Program%20Files/Mozilla%20Firefox/browser/omni.ja!/chrome/browser/builtin-addons/search-detection/api.js :: stopListener :: line 193"  data: no]
  Stack:
    stopListener@jar:file:///C:/Program%20Files/Mozilla%20Firefox/browser/omni.ja!/chrome/browser/builtin-addons/search-detection/api.js:193:32

console.error: WebExtensions: 
  Message: [Exception... "Component returned failure code: 0x80004005 (NS_ERROR_FAILURE) [nsIPropertyBag.getProperty]"  nsresult: "0x80004005 (NS_ERROR_FAILURE)"  location: "JS frame :: jar:file:///C:/Program%20Files/Mozilla%20Firefox/browser/omni.ja!/chrome/browser/builtin-addons/search-detection/api.js :: stopListener :: line 193"  data: no]
  Stack:
    stopListener@jar:file:///C:/Program%20Files/Mozilla%20Firefox/browser/omni.ja!/chrome/browser/builtin-addons/search-detection/api.js:193:32

console.error: WebExtensions: 
  Message: [Exception... "Component returned failure code: 0x80004005 (NS_ERROR_FAILURE) [nsIPropertyBag.getProperty]"  nsresult: "0x80004005 (NS_ERROR_FAILURE)"  location: "JS frame :: jar:file:///C:/Program%20Files/Mozilla%20Firefox/browser/omni.ja!/chrome/browser/builtin-addons/search-detection/api.js :: stopListener :: line 193"  data: no]
  Stack:
    stopListener@jar:file:///C:/Program%20Files/Mozilla%20Firefox/browser/omni.ja!/chrome/browser/builtin-addons/search-detection/api.js:193:32

console.error: WebExtensions: 
  Message: [Exception... "Component returned failure code: 0x80004005 (NS_ERROR_FAILURE) [nsIPropertyBag.getProperty]"  nsresult: "0x80004005 (NS_ERROR_FAILURE)"  location: "JS frame :: jar:file:///C:/Program%20Files/Mozilla%20Firefox/browser/omni.ja!/chrome/browser/builtin-addons/search-detection/api.js :: stopListener :: line 193"  data: no]
  Stack:
    stopListener@jar:file:///C:/Program%20Files/Mozilla%20Firefox/browser/omni.ja!/chrome/browser/builtin-addons/search-detection/api.js:193:32

console.error: WebExtensions: 
  Message: [Exception... "Component returned failure code: 0x80004005 (NS_ERROR_FAILURE) [nsIPropertyBag.getProperty]"  nsresult: "0x80004005 (NS_ERROR_FAILURE)"  location: "JS frame :: jar:file:///C:/Program%20Files/Mozilla%20Firefox/browser/omni.ja!/chrome/browser/builtin-addons/search-detection/api.js :: stopListener :: line 193"  data: no]
  Stack:
    stopListener@jar:file:///C:/Program%20Files/Mozilla%20Firefox/browser/omni.ja!/chrome/browser/builtin-addons/search-detection/api.js:193:32

Exiting due to channel error.
Listening on 127.0.0.1:55438
1745112475017	mozrunner::runner	INFO	Running command: "C:\\Program Files\\Mozilla Firefox\\firefox.exe" "--marionette" "-headless" "-no-remote" "-profile" "C:\\Users\\himan\\AppData\\Local\\Temp\\rust_mozprofileoZa0P6"
*** You are running in headless mode.
console.warn: services.settings: Ignoring preference override of remote settings server
console.warn: services.settings: Allow by setting MOZ_REMOTE_SETTINGS_DEVTOOLS=1 in the environment
1745112476503	Marionette	INFO	Marionette enabled
Dynamically enable window occlusion 0
1745112476616	Marionette	INFO	Listening on port 55454
Read port: 55454
1745112476781	RemoteAgent	WARN	TLS certificate errors will be ignored for this session
[GFX1-]: RenderCompositorSWGL failed mapping default framebuffer, no dt
console.error: ({})
console.error: WebExtensions: 
  Message: [Exception... "Component returned failure code: 0x80004005 (NS_ERROR_FAILURE) [nsIPropertyBag.getProperty]"  nsresult: "0x80004005 (NS_ERROR_FAILURE)"  location: "JS frame :: jar:file:///C:/Program%20Files/Mozilla%20Firefox/browser/omni.ja!/chrome/browser/builtin-addons/search-detection/api.js :: stopListener :: line 193"  data: no]
  Stack:
    stopListener@jar:file:///C:/Program%20Files/Mozilla%20Firefox/browser/omni.ja!/chrome/browser/builtin-addons/search-detection/api.js:193:32

console.error: WebExtensions: 
  Message: [Exception... "Component returned failure code: 0x80004005 (NS_ERROR_FAILURE) [nsIPropertyBag.getProperty]"  nsresult: "0x80004005 (NS_ERROR_FAILURE)"  location: "JS frame :: jar:file:///C:/Program%20Files/Mozilla%20Firefox/browser/omni.ja!/chrome/browser/builtin-addons/search-detection/api.js :: stopListener :: line 193"  data: no]
  Stack:
    stopListener@jar:file:///C:/Program%20Files/Mozilla%20Firefox/browser/omni.ja!/chrome/browser/builtin-addons/search-detection/api.js:193:32

console.error: WebExtensions: 
  Message: [Exception... "Component returned failure code: 0x80004005 (NS_ERROR_FAILURE) [nsIPropertyBag.getProperty]"  nsresult: "0x80004005 (NS_ERROR_FAILURE)"  location: "JS frame :: jar:file:///C:/Program%20Files/Mozilla%20Firefox/browser/omni.ja!/chrome/browser/builtin-addons/search-detection/api.js :: stopListener :: line 193"  data: no]
  Stack:
    stopListener@jar:file:///C:/Program%20Files/Mozilla%20Firefox/browser/omni.ja!/chrome/browser/builtin-addons/search-detection/api.js:193:32

console.error: WebExtensions: 
  Message: [Exception... "Component returned failure code: 0x80004005 (NS_ERROR_FAILURE) [nsIPropertyBag.getProperty]"  nsresult: "0x80004005 (NS_ERROR_FAILURE)"  location: "JS frame :: jar:file:///C:/Program%20Files/Mozilla%20Firefox/browser/omni.ja!/chrome/browser/builtin-addons/search-detection/api.js :: stopListener :: line 193"  data: no]
  Stack:
    stopListener@jar:file:///C:/Program%20Files/Mozilla%20Firefox/browser/omni.ja!/chrome/browser/builtin-addons/search-detection/api.js:193:32

console.error: WebExtensions: 
  Message: [Exception... "Component returned failure code: 0x80004005 (NS_ERROR_FAILURE) [nsIPropertyBag.getProperty]"  nsresult: "0x80004005 (NS_ERROR_FAILURE)"  location: "JS frame :: jar:file:///C:/Program%20Files/Mozilla%20Firefox/browser/omni.ja!/chrome/browser/builtin-addons/search-detection/api.js :: stopListener :: line 193"  data: no]
  Stack:
    stopListener@jar:file:///C:/Program%20Files/Mozilla%20Firefox/browser/omni.ja!/chrome/browser/builtin-addons/search-detection/api.js:193:32

console.error: WebExtensions: 
  Message: [Exception... "Component returned failure code: 0x80004005 (NS_ERROR_FAILURE) [nsIPropertyBag.getProperty]"  nsresult: "0x80004005 (NS_ERROR_FAILURE)"  location: "JS frame :: jar:file:///C:/Program%20Files/Mozilla%20Firefox/browser/omni.ja!/chrome/browser/builtin-addons/search-detection/api.js :: stopListener :: line 193"  data: no]
  Stack:
    stopListener@jar:file:///C:/Program%20Files/Mozilla%20Firefox/browser/omni.ja!/chrome/browser/builtin-addons/search-detection/api.js:193:32

console.error: WebExtensions: 
  Message: [Exception... "Component returned failure code: 0x80004005 (NS_ERROR_FAILURE) [nsIPropertyBag.getProperty]"  nsresult: "0x80004005 (NS_ERROR_FAILURE)"  location: "JS frame :: jar:file:///C:/Program%20Files/Mozilla%20Firefox/browser/omni.ja!/chrome/browser/builtin-addons/search-detection/api.js :: stopListener :: line 193"  data: no]
  Stack:
    stopListener@jar:file:///C:/Program%20Files/Mozilla%20Firefox/browser/omni.ja!/chrome/browser/builtin-addons/search-detection/api.js:193:32

console.error: WebExtensions: 
  Message: [Exception... "Component returned failure code: 0x80004005 (NS_ERROR_FAILURE) [nsIPropertyBag.getProperty]"  nsresult: "0x80004005 (NS_ERROR_FAILURE)"  location: "JS frame :: jar:file:///C:/Program%20Files/Mozilla%20Firefox/browser/omni.ja!/chrome/browser/builtin-addons/search-detection/api.js :: stopListener :: line 193"  data: no]
  Stack:
    stopListener@jar:file:///C:/Program%20Files/Mozilla%20Firefox/browser/omni.ja!/chrome/browser/builtin-addons/search-detection/api.js:193:32

console.error: WebExtensions: 
  Message: [Exception... "Component returned failure code: 0x80004005 (NS_ERROR_FAILURE) [nsIPropertyBag.getProperty]"  nsresult: "0x80004005 (NS_ERROR_FAILURE)"  location: "JS frame :: jar:file:///C:/Program%20Files/Mozilla%20Firefox/browser/omni.ja!/chrome/browser/builtin-addons/search-detection/api.js :: stopListener :: line 193"  data: no]
  Stack:
    stopListener@jar:file:///C:/Program%20Files/Mozilla%20Firefox/browser/omni.ja!/chrome/browser/builtin-addons/search-detection/api.js:193:32

Exiting due to channel error.
1745112962838	geckodriver	INFO	Listening on 127.0.0.1:55675
1745112965888	mozrunner::runner	INFO	Running command: "C:\\Program Files\\Mozilla Firefox\\firefox.exe" "--marionette" "-headless" "-no-remote" "-profile" "C:\\Users\\himan\\AppData\\Local\\Temp\\rust_mozprofilePLppyk"
*** You are running in headless mode.
console.warn: services.settings: Ignoring preference override of remote settings server
console.warn: services.settings: Allow by setting MOZ_REMOTE_SETTINGS_DEVTOOLS=1 in the environment
1745112966411	Marionette	INFO	Marionette enabled
Dynamically enable window occlusion 0
1745112966530	Marionette	INFO	Listening on port 55689
Read port: 55689
1745112966669	RemoteAgent	WARN	TLS certificate errors will be ignored for this session
[GFX1-]: RenderCompositorSWGL failed mapping default framebuffer, no dt
console.error: ({})
console.error: WebExtensions: 
  Message: [Exception... "Component returned failure code: 0x80004005 (NS_ERROR_FAILURE) [nsIPropertyBag.getProperty]"  nsresult: "0x80004005 (NS_ERROR_FAILURE)"  location: "JS frame :: jar:file:///C:/Program%20Files/Mozilla%20Firefox/browser/omni.ja!/chrome/browser/builtin-addons/search-detection/api.js :: stopListener :: line 193"  data: no]
  Stack:
    stopListener@jar:file:///C:/Program%20Files/Mozilla%20Firefox/browser/omni.ja!/chrome/browser/builtin-addons/search-detection/api.js:193:32

console.error: WebExtensions: 
  Message: [Exception... "Component returned failure code: 0x80004005 (NS_ERROR_FAILURE) [nsIPropertyBag.getProperty]"  nsresult: "0x80004005 (NS_ERROR_FAILURE)"  location: "JS frame :: jar:file:///C:/Program%20Files/Mozilla%20Firefox/browser/omni.ja!/chrome/browser/builtin-addons/search-detection/api.js :: stopListener :: line 193"  data: no]
  Stack:
    stopListener@jar:file:///C:/Program%20Files/Mozilla%20Firefox/browser/omni.ja!/chrome/browser/builtin-addons/search-detection/api.js:193:32

console.error: WebExtensions: 
  Message: [Exception... "Component returned failure code: 0x80004005 (NS_ERROR_FAILURE) [nsIPropertyBag.getProperty]"  nsresult: "0x80004005 (NS_ERROR_FAILURE)"  location: "JS frame :: jar:file:///C:/Program%20Files/Mozilla%20Firefox/browser/omni.ja!/chrome/browser/builtin-addons/search-detection/api.js :: stopListener :: line 193"  data: no]
  Stack:
    stopListener@jar:file:///C:/Program%20Files/Mozilla%20Firefox/browser/omni.ja!/chrome/browser/builtin-addons/search-detection/api.js:193:32

console.error: WebExtensions: 
  Message: [Exception... "Component returned failure code: 0x80004005 (NS_ERROR_FAILURE) [nsIPropertyBag.getProperty]"  nsresult: "0x80004005 (NS_ERROR_FAILURE)"  location: "JS frame :: jar:file:///C:/Program%20Files/Mozilla%20Firefox/browser/omni.ja!/chrome/browser/builtin-addons/search-detection/api.js :: stopListener :: line 193"  data: no]
  Stack:
    stopListener@jar:file:///C:/Program%20Files/Mozilla%20Firefox/browser/omni.ja!/chrome/browser/builtin-addons/search-detection/api.js:193:32

console.error: WebExtensions: 
  Message: [Exception... "Component returned failure code: 0x80004005 (NS_ERROR_FAILURE) [nsIPropertyBag.getProperty]"  nsresult: "0x80004005 (NS_ERROR_FAILURE)"  location: "JS frame :: jar:file:///C:/Program%20Files/Mozilla%20Firefox/browser/omni.ja!/chrome/browser/builtin-addons/search-detection/api.js :: stopListener :: line 193"  data: no]
  Stack:
    stopListener@jar:file:///C:/Program%20Files/Mozilla%20Firefox/browser/omni.ja!/chrome/browser/builtin-addons/search-detection/api.js:193:32

console.error: WebExtensions: 
  Message: [Exception... "Component returned failure code: 0x80004005 (NS_ERROR_FAILURE) [nsIPropertyBag.getProperty]"  nsresult: "0x80004005 (NS_ERROR_FAILURE)"  location: "JS frame :: jar:file:///C:/Program%20Files/Mozilla%20Firefox/browser/omni.ja!/chrome/browser/builtin-addons/search-detection/api.js :: stopListener :: line 193"  data: no]
  Stack:
    stopListener@jar:file:///C:/Program%20Files/Mozilla%20Firefox/browser/omni.ja!/chrome/browser/builtin-addons/search-detection/api.js:193:32

console.error: WebExtensions: 
  Message: [Exception... "Component returned failure code: 0x80004005 (NS_ERROR_FAILURE) [nsIPropertyBag.getProperty]"  nsresult: "0x80004005 (NS_ERROR_FAILURE)"  location: "JS frame :: jar:file:///C:/Program%20Files/Mozilla%20Firefox/browser/omni.ja!/chrome/browser/builtin-addons/search-detection/api.js :: stopListener :: line 193"  data: no]
  Stack:
    stopListener@jar:file:///C:/Program%20Files/Mozilla%20Firefox/browser/omni.ja!/chrome/browser/builtin-addons/search-detection/api.js:193:32

console.error: WebExtensions: 
  Message: [Exception... "Component returned failure code: 0x80004005 (NS_ERROR_FAILURE) [nsIPropertyBag.getProperty]"  nsresult: "0x80004005 (NS_ERROR_FAILURE)"  location: "JS frame :: jar:file:///C:/Program%20Files/Mozilla%20Firefox/browser/omni.ja!/chrome/browser/builtin-addons/search-detection/api.js :: stopListener :: line 193"  data: no]
  Stack:
    stopListener@jar:file:///C:/Program%20Files/Mozilla%20Firefox/browser/omni.ja!/chrome/browser/builtin-addons/search-detection/api.js:193:32

console.error: WebExtensions: 
  Message: [Exception... "Component returned failure code: 0x80004005 (NS_ERROR_FAILURE) [nsIPropertyBag.getProperty]"  nsresult: "0x80004005 (NS_ERROR_FAILURE)"  location: "JS frame :: jar:file:///C:/Program%20Files/Mozilla%20Firefox/browser/omni.ja!/chrome/browser/builtin-addons/search-detection/api.js :: stopListener :: line 193"  data: no]
  Stack:
    stopListener@jar:file:///C:/Program%20Files/Mozilla%20Firefox/browser/omni.ja!/chrome/browser/builtin-addons/search-detection/api.js:193:32

console.error: WebExtensions: 
  Message: [Exception... "Component returned failure code: 0x80004005 (NS_ERROR_FAILURE) [nsIPropertyBag.getProperty]"  nsresult: "0x80004005 (NS_ERROR_FAILURE)"  location: "JS frame :: jar:file:///C:/Program%20Files/Mozilla%20Firefox/browser/omni.ja!/chrome/browser/builtin-addons/search-detection/api.js :: stopListener :: line 193"  data: no]
  Stack:
    stopListener@jar:file:///C:/Program%20Files/Mozilla%20Firefox/browser/omni.ja!/chrome/browser/builtin-addons/search-detection/api.js:193:32

console.error: WebExtensions: 
  Message: [Exception... "Component returned failure code: 0x80004005 (NS_ERROR_FAILURE) [nsIPropertyBag.getProperty]"  nsresult: "0x80004005 (NS_ERROR_FAILURE)"  location: "JS frame :: jar:file:///C:/Program%20Files/Mozilla%20Firefox/browser/omni.ja!/chrome/browser/builtin-addons/search-detection/api.js :: stopListener :: line 193"  data: no]
  Stack:
    stopListener@jar:file:///C:/Program%20Files/Mozilla%20Firefox/browser/omni.ja!/chrome/browser/builtin-addons/search-detection/api.js:193:32

console.error: WebExtensions: 
  Message: [Exception... "Component returned failure code: 0x80004005 (NS_ERROR_FAILURE) [nsIPropertyBag.getProperty]"  nsresult: "0x80004005 (NS_ERROR_FAILURE)"  location: "JS frame :: jar:file:///C:/Program%20Files/Mozilla%20Firefox/browser/omni.ja!/chrome/browser/builtin-addons/search-detection/api.js :: stopListener :: line 193"  data: no]
  Stack:
    stopListener@jar:file:///C:/Program%20Files/Mozilla%20Firefox/browser/omni.ja!/chrome/browser/builtin-addons/search-detection/api.js:193:32

console.error: WebExtensions: 
  Message: [Exception... "Component returned failure code: 0x80004005 (NS_ERROR_FAILURE) [nsIPropertyBag.getProperty]"  nsresult: "0x80004005 (NS_ERROR_FAILURE)"  location: "JS frame :: jar:file:///C:/Program%20Files/Mozilla%20Firefox/browser/omni.ja!/chrome/browser/builtin-addons/search-detection/api.js :: stopListener :: line 193"  data: no]
  Stack:
    stopListener@jar:file:///C:/Program%20Files/Mozilla%20Firefox/browser/omni.ja!/chrome/browser/builtin-addons/search-detection/api.js:193:32

console.error: WebExtensions: 
  Message: [Exception... "Component returned failure code: 0x80004005 (NS_ERROR_FAILURE) [nsIPropertyBag.getProperty]"  nsresult: "0x80004005 (NS_ERROR_FAILURE)"  location: "JS frame :: jar:file:///C:/Program%20Files/Mozilla%20Firefox/browser/omni.ja!/chrome/browser/builtin-addons/search-detection/api.js :: stopListener :: line 193"  data: no]
  Stack:
    stopListener@jar:file:///C:/Program%20Files/Mozilla%20Firefox/browser/omni.ja!/chrome/browser/builtin-addons/search-detection/api.js:193:32

1745113095308	geckodriver	INFO	Listening on 127.0.0.1:55826
1745113098336	mozrunner::runner	INFO	Running command: "C:\\Program Files\\Mozilla Firefox\\firefox.exe" "--marionette" "-headless" "-no-remote" "-profile" "C:\\Users\\himan\\AppData\\Local\\Temp\\rust_mozprofileS9SnhE"
*** You are running in headless mode.
console.warn: services.settings: Ignoring preference override of remote settings server
console.warn: services.settings: Allow by setting MOZ_REMOTE_SETTINGS_DEVTOOLS=1 in the environment
1745113099268	Marionette	INFO	Marionette enabled
Dynamically enable window occlusion 0
1745113099388	Marionette	INFO	Listening on port 55836
Read port: 55836
1745113099545	RemoteAgent	WARN	TLS certificate errors will be ignored for this session
[GFX1-]: RenderCompositorSWGL failed mapping default framebuffer, no dt
console.error: ({})
console.error: WebExtensions: 
  Message: [Exception... "Component returned failure code: 0x80004005 (NS_ERROR_FAILURE) [nsIPropertyBag.getProperty]"  nsresult: "0x80004005 (NS_ERROR_FAILURE)"  location: "JS frame :: jar:file:///C:/Program%20Files/Mozilla%20Firefox/browser/omni.ja!/chrome/browser/builtin-addons/search-detection/api.js :: stopListener :: line 193"  data: no]
  Stack:
    stopListener@jar:file:///C:/Program%20Files/Mozilla%20Firefox/browser/omni.ja!/chrome/browser/builtin-addons/search-detection/api.js:193:32

1745113389690	geckodriver	INFO	Listening on 127.0.0.1:55975
1745113392779	mozrunner::runner	INFO	Running command: "C:\\Program Files\\Mozilla Firefox\\firefox.exe" "--marionette" "-headless" "-no-remote" "-profile" "C:\\Users\\himan\\AppData\\Local\\Temp\\rust_mozprofilekPk4wj"
*** You are running in headless mode.
console.warn: services.settings: Ignoring preference override of remote settings server
console.warn: services.settings: Allow by setting MOZ_REMOTE_SETTINGS_DEVTOOLS=1 in the environment
1745113393399	Marionette	INFO	Marionette enabled
Dynamically enable window occlusion 0
1745113393536	Marionette	INFO	Listening on port 55985
Read port: 55985
1745113393733	RemoteAgent	WARN	TLS certificate errors will be ignored for this session
[GFX1-]: RenderCompositorSWGL failed mapping default framebuffer, no dt
console.error: ({})
console.error: WebExtensions: 
  Message: [Exception... "Component returned failure code: 0x80004005 (NS_ERROR_FAILURE) [nsIPropertyBag.getProperty]"  nsresult: "0x80004005 (NS_ERROR_FAILURE)"  location: "JS frame :: jar:file:///C:/Program%20Files/Mozilla%20Firefox/browser/omni.ja!/chrome/browser/builtin-addons/search-detection/api.js :: stopListener :: line 193"  data: no]
  Stack:
    stopListener@jar:file:///C:/Program%20Files/Mozilla%20Firefox/browser/omni.ja!/chrome/browser/builtin-addons/search-detection/api.js:193:32

